Arguments: 
  C:\Program Files\nodejs\node.exe C:\Program Files (x86)\Yarn\bin\yarn.js

PATH: 
  C:\Python311\Scripts\;C:\Python311\;C:\Program Files (x86)\Common Files\Oracle\Java\javapath;C:\Program Files (x86)\Embarcadero\Studio\18.0\bin;C:\Users\Public\Documents\Embarcadero\Studio\18.0\Bpl;C:\Program Files (x86)\Embarcadero\Studio\18.0\bin64;C:\Users\Public\Documents\Embarcadero\Studio\18.0\Bpl\Win64;C:\ProgramData\Oracle\Java\javapath;C:\Program Files\Calibre2\;C:\Program Files (x86)\Delphi7SE\bin;C:\Program Files (x86)\Delphi7SE\Projects\BPL;C:\Program Files\TortoiseSVN\bin;C:\WINDOWS\system32;C:\WINDOWS;C:\WINDOWS\System32\Wbem;C:\WINDOWS\System32\WindowsPowerShell\v1.0\;C:\Program Files (x86)\Windows Live\Shared;C:\WINDOWS\System32\OpenSSH\;C:\Program Files\PuTTY\;C:\ProgramData\chocolatey\bin;C:\Program Files (x86)\Yarn\bin\;C:\Program Files\dotnet\;C:\Program Files\Microsoft SQL Server\130\Tools\Binn\;C:\Program Files\Git\cmd;C:\Program Files\TortoiseGit\bin;C:\Program Files\nodejs\;C:\Program Files\Docker\Docker\resources\bin;C:\Users\Grak\.cargo\bin;C:\Users\Grak\AppData\Local\Microsoft\WindowsApps;C:\Program Files\Microsoft VS Code\bin;C:\Users\Grak\AppData\Local\Programs\Microsoft VS Code\bin;C:\ProjectData\nim-1.0.0\bin;C:\Users\Grak\.nimble\bin;C:\Users\Grak\AppData\Local\Yarn\bin;C:\Users\Grak\.dotnet\tools;C:\Users\Grak\AppData\Local\Microsoft\WindowsApps;C:\Users\Grak\SurrealDB;C:\Users\Grak\AppData\Roaming\npm

Yarn version: 
  1.22.0

Node version: 
  18.14.0

Platform: 
  win32 x64

Trace: 
  Error: EPERM: operation not permitted, unlink 'C:\Dev\Python\ncid\node_modules\@esbuild\win32-x64\esbuild.exe'

npm manifest: 
  {
  	"name": "ncid",
  	"version": "0.0.1",
  	"private": true,
  	"scripts": {
  		"dev": "vite dev",
  		"build": "vite build",
  		"preview": "vite preview",
  		"check": "svelte-kit sync && svelte-check --tsconfig ./tsconfig.json",
  		"check:watch": "svelte-kit sync && svelte-check --tsconfig ./tsconfig.json --watch",
  		"lint": "prettier --plugin-search-dir . --check . && eslint .",
  		"format": "prettier --plugin-search-dir . --write ."
  	},
  	"devDependencies": {
  		"@sveltejs/adapter-auto": "^2.0.0",
  		"@sveltejs/adapter-node": "^1.2.3",
  		"@sveltejs/adapter-vercel": "^2.4.0",
  		"@sveltejs/kit": "^1.11.0",
  		"@typescript-eslint/eslint-plugin": "^5.45.0",
  		"@typescript-eslint/parser": "^5.45.0",
  		"autoprefixer": "^10.4.14",
  		"eslint": "^8.28.0",
  		"eslint-config-prettier": "^8.5.0",
  		"eslint-plugin-svelte3": "^4.0.0",
  		"postcss": "^8.4.21",
  		"prettier": "^2.8.0",
  		"prettier-plugin-svelte": "^2.8.1",
  		"svelte": "^3.54.0",
  		"svelte-check": "^3.0.1",
  		"tailwind-scrollbar": "^3.0.0",
  		"tailwindcss": "^3.2.7",
  		"tslib": "^2.4.1",
  		"typescript": "^4.9.3",
  		"vite": "^4.0.0"
  	},
  	"type": "module",
  	"dependencies": {
  		"@sveltejs/adapter-static": "^2.0.1",
  		"daisyui": "^2.51.4",
  		"mqtt": "^4.3.7"
  	}
  }

yarn manifest: 
  No manifest

Lockfile: 
  No lockfile
